[debug] [2018-03-27T05:30:04.535Z] ----------------------------------------------------------------------
[debug] [2018-03-27T05:30:04.537Z] Command:       /usr/local/bin/node /usr/local/bin/firebase deploy --only functions
[debug] [2018-03-27T05:30:04.538Z] CLI Version:   3.17.6
[debug] [2018-03-27T05:30:04.538Z] Platform:      darwin
[debug] [2018-03-27T05:30:04.538Z] Node Version:  v7.7.3
[debug] [2018-03-27T05:30:04.538Z] Time:          Tue Mar 27 2018 08:30:04 GMT+0300 (IDT)
[debug] [2018-03-27T05:30:04.538Z] ----------------------------------------------------------------------
[debug] 
[debug] [2018-03-27T05:30:04.552Z] > command requires scopes: ["email","openid","https://www.googleapis.com/auth/cloudplatformprojects.readonly","https://www.googleapis.com/auth/firebase","https://www.googleapis.com/auth/cloud-platform"]
[debug] [2018-03-27T05:30:04.552Z] > authorizing via signed-in user
[debug] [2018-03-27T05:30:04.554Z] > refreshing access token with scopes: ["email","https://www.googleapis.com/auth/cloud-platform","https://www.googleapis.com/auth/cloudplatformprojects.readonly","https://www.googleapis.com/auth/firebase","openid"]
[debug] [2018-03-27T05:30:04.554Z] >>> HTTP REQUEST POST https://www.googleapis.com/oauth2/v3/token  
 { refresh_token: '1/IMBMQre6ATN_t_5N5PstFMh79rznizttv8bv06NJuVg',
  client_id: '563584335869-fgrhgmd47bqnekij5i8b5pr03ho849e6.apps.googleusercontent.com',
  client_secret: 'j9iVZfS8kkCEFUPaAeJV0sAi',
  grant_type: 'refresh_token',
  scope: 'email https://www.googleapis.com/auth/cloud-platform https://www.googleapis.com/auth/cloudplatformprojects.readonly https://www.googleapis.com/auth/firebase openid' } 
 Tue Mar 27 2018 08:30:04 GMT+0300 (IDT)
[debug] [2018-03-27T05:30:05.062Z] <<< HTTP RESPONSE 200
[debug] [2018-03-27T05:30:05.077Z] >>> HTTP REQUEST GET https://admin.firebase.com/v1/projects/talgo-f783b  
  
 Tue Mar 27 2018 08:30:05 GMT+0300 (IDT)
[debug] [2018-03-27T05:30:06.060Z] <<< HTTP RESPONSE 200
[debug] [2018-03-27T05:30:06.061Z] >>> HTTP REQUEST GET https://admin.firebase.com/v1/database/talgo-f783b/tokens  
  
 Tue Mar 27 2018 08:30:06 GMT+0300 (IDT)
[debug] [2018-03-27T05:30:06.864Z] <<< HTTP RESPONSE 200
[info] 
[info] === Deploying to 'talgo-f783b'...
[info] 
[info] i  deploying functions
[info] Running command: npm --prefix "$RESOURCE_DIR" run lint
[info] Running command: npm --prefix "$RESOURCE_DIR" run build
[info] ✔  functions: Finished running predeploy script.
[debug] [2018-03-27T05:30:13.445Z] > [functions] package.json contents: {
  "name": "functions",
  "scripts": {
    "lint": "tslint --project tsconfig.json",
    "build": "tsc",
    "serve": "npm run build && firebase serve --only functions",
    "shell": "npm run build && firebase experimental:functions:shell",
    "start": "npm run shell",
    "deploy": "firebase deploy --only functions",
    "logs": "firebase functions:log"
  },
  "main": "lib/index.js",
  "dependencies": {
    "@sendgrid/mail": "^6.2.1",
    "cors": "^2.8.4",
    "firebase-admin": "~5.10.0",
    "firebase-functions": "^0.8.1",
    "request-promise": "^4.2.2"
  },
  "devDependencies": {
    "tslint": "^5.8.0",
    "typescript": "^2.5.3"
  },
  "private": true
}
[info] i  functions: ensuring necessary APIs are enabled...
[debug] [2018-03-27T05:30:13.447Z] >>> HTTP REQUEST GET https://servicemanagement.googleapis.com/v1/services/cloudfunctions.googleapis.com/projectSettings/talgo-f783b?view=CONSUMER_VIEW  
  
 Tue Mar 27 2018 08:30:13 GMT+0300 (IDT)
[debug] [2018-03-27T05:30:13.448Z] >>> HTTP REQUEST GET https://servicemanagement.googleapis.com/v1/services/runtimeconfig.googleapis.com/projectSettings/talgo-f783b?view=CONSUMER_VIEW  
  
 Tue Mar 27 2018 08:30:13 GMT+0300 (IDT)
[debug] [2018-03-27T05:30:14.852Z] <<< HTTP RESPONSE 200
[debug] [2018-03-27T05:30:14.932Z] <<< HTTP RESPONSE 200
[info] ✔  functions: all necessary APIs are enabled
[debug] [2018-03-27T05:30:14.933Z] >>> HTTP REQUEST GET https://cloudresourcemanager.googleapis.com/v1/projects/talgo-f783b  
  
 Tue Mar 27 2018 08:30:14 GMT+0300 (IDT)
[debug] [2018-03-27T05:30:15.957Z] <<< HTTP RESPONSE 200
[debug] [2018-03-27T05:30:15.957Z] >>> HTTP REQUEST GET https://mobilesdk-pa.googleapis.com/v1/projects/665263975300:getServerAppConfig  
  
 Tue Mar 27 2018 08:30:15 GMT+0300 (IDT)
